
=================
2025-02-11T04:26:20.403Z
Original Message: 💊 KQ28uH35CYX474mVwtQNpm8gn77UhXpEFReLtx9pump
┌Official Rexxi 7 (Rexxi)
├USD:       $0.0005404
├MC:        $540.4K
├Vol:       $873.4K
├Seen:      7m ago
├Dex:       Raydium
├Dex Paid:  🔴
├Holder:    Top 10: 🟡 29%
└TH:        10|2.7|2.5|2.3|2

🔎 Deep scan by Z99Bot
STBot • MevX • GMGN • Maestro

📈 Chart: https://mevx.io/solana/KQ28uH35CYX474mVwtQNpm8gn77UhXpEFReLtx9pump?ref=pvggbyhMPGy9
Extracted Pump String: KQ28uH35CYX474mVwtQNpm8gn77UhXpEFReLtx9pump
Message ID: 31488
=================

=================
2025-02-11T04:41:41.027Z
Original Message: D sspump
Extracted Pump String: sspump
Message ID: 22
=================

=================
2025-02-11T04:44:12.182Z
Original Message: Pump
Extracted Pump String: Pump
Message ID: 24
=================

=================
2025-02-11T04:45:51.712Z
Original Message: Pumpdhshs
Extracted Pump String: Pumpdhshs
Message ID: 26
=================

=================
2025-02-11T04:46:08.539Z
Original Message: Orrhdjrhrpump
Extracted Pump String: Orrhdjrhrpump
Message ID: 27
=================

=================
2025-02-11T04:46:53.066Z
Original Message: Jshhehhepump
Extracted Pump String: Jshhehhepump
Message ID: 28
=================
